  pt investors.esg.license.desc: Never pay software license fee -> Nunca pague taxas de licença d
  pt investors.esg.title: An intelligent partnership mod -> Um modelo de parceria intelige
  pt investors.esg.monthly.price: R$ 16,90 -> R$ 16,90
  pt investors.esg.setup.price: R$ 7.000 -> R$ 7.000
  pt investors.esg.setup.label: One-Time Setup -> Configuração única
  pt investors.esg.monthly.desc: You only pay per active user o -> Você paga apenas por usuário a
  pt investors.esg.badge: ESG · Social Empowerment -> ESG · Empoderamento Social
  pt investors.esg.monthly.label: Per Active User / Month -> Por usuário ativo/mês
  pt investors.esg.footer: ESG — Social Empowerment: This -> ESG — Empoderamento Social: Es
  pt investors.esg.license.price: R$ 0 -> R$ 0
  pt investors.esg.setup.desc: Not a membership fee — it is i -> Não é uma taxa de adesão – é u
  pt investors.esg.license.label: Zero Licensing Fees -> Taxas de licenciamento zero
  pt investors.esg.sub: Empowering companies of any si -> Capacitando empresas de qualqu
pt: 13 translated
  es investors.esg.license.desc: Never pay software license fee -> Nunca pague tarifas de licenci
  es investors.esg.title: An intelligent partnership mod -> Un modelo de asociación inteli
  es investors.esg.monthly.price: R$ 16,90 -> R$ 16,90
  es investors.esg.setup.price: R$ 7.000 -> R$ 7.000
  es investors.esg.setup.label: One-Time Setup -> Configuración única
  es investors.esg.monthly.desc: You only pay per active user o -> Solo pagas por usuario activo 
  es investors.esg.badge: ESG · Social Empowerment -> ESG · Empoderamiento Social
  es investors.esg.monthly.label: Per Active User / Month -> Por usuario activo / mes
  es investors.esg.footer: ESG — Social Empowerment: This -> ESG – Empoderamiento social: e
  es investors.esg.license.price: R$ 0 -> 0 reales
  es investors.esg.setup.desc: Not a membership fee — it is i -> No es una cuota de membresía, 
  es investors.esg.license.label: Zero Licensing Fees -> Tarifas de licencia cero
  es investors.esg.sub: Empowering companies of any si -> Dotar a empresas de cualquier 
es: 13 translated
  fr investors.esg.license.desc: Never pay software license fee -> Ne payez jamais de frais de li
  fr investors.esg.title: An intelligent partnership mod -> Un modèle de partenariat intel
  fr investors.esg.monthly.price: R$ 16,90 -> 16,90 R$
  fr investors.esg.setup.price: R$ 7.000 -> 7 000 R$
  fr investors.esg.setup.label: One-Time Setup -> Configuration unique
  fr investors.esg.monthly.desc: You only pay per active user o -> Vous ne payez que par utilisat
  fr investors.esg.badge: ESG · Social Empowerment -> ESG · Autonomisation sociale
  fr investors.esg.monthly.label: Per Active User / Month -> Par utilisateur actif / mois
  fr investors.esg.footer: ESG — Social Empowerment: This -> ESG — Social Empowerment : Ce 
  fr investors.esg.license.price: R$ 0 -> 0 R$
  fr investors.esg.setup.desc: Not a membership fee — it is i -> Il ne s’agit pas d’une cotisat
  fr investors.esg.license.label: Zero Licensing Fees -> Zéro frais de licence
  fr investors.esg.sub: Empowering companies of any si -> Offrez aux entreprises de tout
fr: 13 translated
  de investors.esg.license.desc: Never pay software license fee -> Zahlen Sie niemals Softwareliz
  de investors.esg.title: An intelligent partnership mod -> Ein intelligentes Partnerschaf
  de investors.esg.monthly.price: R$ 16,90 -> R$ 16,90
  de investors.esg.setup.price: R$ 7.000 -> R$ 7.000
  de investors.esg.setup.label: One-Time Setup -> Einmalige Einrichtung
  de investors.esg.monthly.desc: You only pay per active user o -> Sie zahlen nur pro aktivem Ben
  de investors.esg.badge: ESG · Social Empowerment -> ESG · Soziale Stärkung
  de investors.esg.monthly.label: Per Active User / Month -> Pro aktivem Benutzer/Monat
  de investors.esg.footer: ESG — Social Empowerment: This -> ESG – Social Empowerment: Dies
  de investors.esg.license.price: R$ 0 -> R$ 0
  de investors.esg.setup.desc: Not a membership fee — it is i -> Kein Mitgliedsbeitrag – es han
  de investors.esg.license.label: Zero Licensing Fees -> Keine Lizenzgebühren
  de investors.esg.sub: Empowering companies of any si -> Wir unterstützen Unternehmen j
de: 13 translated
  ja investors.esg.license.desc: Never pay software license fee -> ソフトウェアのライセンス料は絶対に支払わないでください。 
  ja investors.esg.title: An intelligent partnership mod -> お客様の利益のために設計されたインテリジェントなパートナーシ
  ja investors.esg.monthly.price: R$ 16,90 -> R$ 16,90
  ja investors.esg.setup.price: R$ 7.000 -> R$7.000
  ja investors.esg.setup.label: One-Time Setup -> ワンタイムセットアップ
  ja investors.esg.monthly.desc: You only pay per active user o -> プラットフォーム上のアクティブ ユーザーごとにのみお支払いい
  ja investors.esg.badge: ESG · Social Empowerment -> ESG・社会的エンパワーメント
  ja investors.esg.monthly.label: Per Active User / Month -> アクティブ ユーザーあたり/月
  ja investors.esg.footer: ESG — Social Empowerment: This -> ESG — 社会的エンパワーメント: このモデルは単なるビジ
  ja investors.esg.license.price: R$ 0 -> R$0
  ja investors.esg.setup.desc: Not a membership fee — it is i -> 会費ではなく、インフラストラクチャのコストです。
  ja investors.esg.license.label: Zero Licensing Fees -> ライセンス料ゼロ
  ja investors.esg.sub: Empowering companies of any si -> ほぼゼロのコストでエンタープライズ AI インフラストラクチ
ja: 13 translated
  zh-cn investors.esg.license.desc: Never pay software license fee -> 切勿支付软件许可费。
  zh-cn investors.esg.title: An intelligent partnership mod -> 专为您的利润而设计的智能合作伙伴模式
  zh-cn investors.esg.monthly.price: R$ 16,90 -> 雷亚尔 16.90 雷亚尔
  zh-cn investors.esg.setup.price: R$ 7.000 -> 7000雷亚尔
  zh-cn investors.esg.setup.label: One-Time Setup -> 一次性设置
  zh-cn investors.esg.monthly.desc: You only pay per active user o -> 您只需为平台上的活跃用户付费。
  zh-cn investors.esg.badge: ESG · Social Empowerment -> ESG·社会赋权
  zh-cn investors.esg.monthly.label: Per Active User / Month -> 每个活跃用户/月
  zh-cn investors.esg.footer: ESG — Social Empowerment: This -> ESG — 社会赋权：这种模式不仅仅是一项业务，更是一种承诺
  zh-cn investors.esg.license.price: R$ 0 -> 雷亚尔 0
  zh-cn investors.esg.setup.desc: Not a membership fee — it is i -> 不是会员费——而是基础设施成本。
  zh-cn investors.esg.license.label: Zero Licensing Fees -> 零许可费
  zh-cn investors.esg.sub: Empowering companies of any si -> 以接近零的成本为任何规模的公司提供企业人工智能基础设施。
zh-cn: 13 translated
ALL DONE
